Arguments: 
  /home/nop/.nvm/versions/node/v14.17.6/bin/node /usr/local/bin/yarn install

PATH: 
  /home/nop/.nvm/versions/node/v14.17.6/bin:/home/nop/bin:/home/nop/.local/bin:/usr/local/sbin:/usr/local/bin:/usr/sbin:/usr/bin:/sbin:/bin:/usr/games:/usr/local/games:/snap/bin

Yarn version: 
  1.22.4

Node version: 
  14.17.6

Platform: 
  linux x64

Trace: 
  Error: https://registry.yarnpkg.com/reveal-js: Not found
      at Request.params.callback [as _callback] (/usr/local/lib/node_modules/yarn/lib/cli.js:66987:18)
      at Request.self.callback (/usr/local/lib/node_modules/yarn/lib/cli.js:140748:22)
      at Request.emit (events.js:400:28)
      at Request.<anonymous> (/usr/local/lib/node_modules/yarn/lib/cli.js:141720:10)
      at Request.emit (events.js:400:28)
      at IncomingMessage.<anonymous> (/usr/local/lib/node_modules/yarn/lib/cli.js:141642:12)
      at Object.onceWrapper (events.js:519:28)
      at IncomingMessage.emit (events.js:412:35)
      at endReadableNT (internal/streams/readable.js:1317:12)
      at processTicksAndRejections (internal/process/task_queues.js:82:21)

npm manifest: 
  {
    "name": "tdv_presentation",
    "version": "1.0.0",
    "description": "Présentation Reveal TDV",
    "main": "index.js",
    "scripts": {
      "test": "test"
    },
    "keywords": [
      "Toulouse",
      "DataViz",
      "Reveal"
    ],
    "dependencies": {
      "reveal-js": "4.2.1"
    },
    "devDependencies": {
      "httpserver": "0.3.0"
    },
    "author": "TDV",
    "license": "ISC"
  }

yarn manifest: 
  No manifest

Lockfile: 
  No lockfile
